{"logTime": "0628/111530", "correlationVector":"9iy9YEBFEqhmF9aigZABCz.1","action":"SyncServerConnectionManagerRequest", "result":"SYNC_SERVER_OK", "context":{"environment":"Prod_southindia_prod-s01-004-apac-southindia", "migrationStage":"NotStarted", "server":"akswtt01400001y"}}
{"logTime": "0628/111530", "correlationVector":"9iy9YEBFEqhmF9aigZABCz.2","action":"ProcessGetUpdates", "result":"Done", "context":{"dataType":"Encryption Keys", "deleted":"0", "process_failed_to_decrypt":"0", "process_pending_decryption":"0", "process_success":"1", "total":"1"}}
{"logTime": "0628/111531", "correlationVector":"VoILEFg6n3kYngEPirsfVT","action":"SyncServerConnectionManagerRequest", "result":"SYNC_SERVER_OK", "context":{"environment":"", "migrationStage":"", "server":""}}
{"logTime": "0628/111531", "correlationVector":"VoILEFg6n3kYngEPirsfVT.0","action":"EncryptionKeysFetcher.DownloadKeys:", "result":"Success", "context":Key count: 10, Last key timestamp: 2025-03-24T06:34:35Z}
{"logTime": "0628/111531", "correlationVector":"VoILEFg6n3kYngEPirsfVT.1","action":"EncryptionKeysManager::SetEncryptionKeys:", "result":"Success", "context":Key names[10]:[eDVWjznZ6LdgAE0+GtijbJjWeu9wSQqav+Vdo67bmgVlnreaVU/q4rFwJ292W+cljKZaznSvroY6hC24Jw48AA==][R5Zc817eNarVDNOjvR1Re0zzL/9dyeDaQf1h2x3xZoxwBTIGud+4QD30KTAUtiJbTxYUAbBEE4Uuh9h44tJMaw==][xRzJB0wrxe3B/zDTeuxXFENJEiHO7UbCN9Y9ozqkTXYW4I+a+C0ahuP73j770I9dbGU9I2EwHJ6mj8uh4RcwKw==][6aHQYAQEfOiHdp0FsleqRA4EUI9GJKpTa7kW9xTfKTC5KtEelqaVe7WElX3iehwUCF9+s4/hMYT/h9ebWea8dg==][VmAFEqXuBjCtLxdSyVqbFZmdwnyxzDjJmUZkwv6hSCOmFk7z+Z2LQMWNBNV3GNlcd0kyEmbf6uZCWEj4vqovzA==][YE9PhB1gxQhE3sm1MYiQxQ+6jrNbmxbGGvtpPLCHoETEMq8fpk7lIh9Wr+wc3fUEL4YnIuFhiunSWCjBNg9K9g==][lp31Epn9P0Lcl6EmWk15DCP0VD3lnJQy54Zf8hHhpua7s/M/9DXH+8kbgnwft4P1jwiYCHaTmhflWfKXQHko9Q==][3xo1O5pVJqf3fLI+DqBKcHiWKDHx4/5HjNDj40HX/yIkjU7/cSwAsTTc25wSdQBVONSJRrDB7/agmWlhlUA7mA==][33V465kl4655nc7emZCuXwcjeK52+6zTr7kDw0zqAQJBWp79UlTkKm+u4TAsADwRDhNHYYzjrsvdfnDBy6Ootw==][Zmm0ITkzWb+K0Sh4W3d2P7jXBfLUR24uD5mnUhsiTG+pOmBpBpR15LZrkOKdqsikp46BZljSuUDKOxFsVf4t+w==]}
{"logTime": "0628/111531", "correlationVector":"VoILEFg6n3kYngEPirsfVT.2","action":"EncryptionKeysManager::SetEncryptionKeysWithTimestamps:", "result":"Success", "context":Key timestamps[10]:[2024-01-16T18:46:51Z][2024-01-19T21:02:27Z][2024-03-13T09:16:21Z][2024-07-12T15:37:06Z][2024-11-02T16:20:21Z][2024-11-10T04:41:04Z][2024-11-28T06:12:29Z][2025-01-29T04:11:47Z][2025-02-18T10:07:57Z][2025-03-24T06:34:35Z]}
{"logTime": "0628/111531", "correlationVector":"9iy9YEBFEqhmF9aigZABCz","action":"Initial GetUpdates", "result":"", "context":Reason: NEW_CLIENT. cV=9iy9YEBFEqhmF9aigZABCz}
{"logTime": "0628/111531", "correlationVector":"9iy9YEBFEqhmF9aigZABCz.3","action":"GetUpdates Response", "result":"Success", "context":Received 1 update(s). cV=9iy9YEBFEqhmF9aigZABCz.0;server=akswtt01400001y;cloudType=Consumer;environment=Prod_southindia_prod-s01-004-apac-southindia;migrationStage=NotStarted}
{"logTime": "0628/111531", "correlationVector":"n6WP69ZWkbrg3JowDOfyir","action":"Initial GetUpdates", "result":"", "context":Reason: NEWLY_SUPPORTED_DATATYPE. cV=n6WP69ZWkbrg3JowDOfyir}
{"logTime": "0628/111532", "correlationVector":"n6WP69ZWkbrg3JowDOfyir.1","action":"SyncServerConnectionManagerRequest", "result":"SYNC_SERVER_OK", "context":{"environment":"Prod_southindia_prod-s01-004-apac-southindia", "migrationStage":"NotStarted", "server":"akswtt01400001i"}}
{"logTime": "0628/111532", "correlationVector":"n6WP69ZWkbrg3JowDOfyir.2","action":"ProcessGetUpdates", "result":"Done", "context":{"dataType":"Preferences", "deleted":"1", "process_failed_to_decrypt":"0", "process_pending_decryption":"0", "process_success":"126", "total":"126"}}
{"logTime": "0628/111532", "correlationVector":"n6WP69ZWkbrg3JowDOfyir.3","action":"ProcessGetUpdates", "result":"Done", "context":{"dataType":"Passwords", "deleted":"0", "process_failed_to_decrypt":"0", "process_pending_decryption":"0", "process_success":"87", "total":"87"}}
{"logTime": "0628/111532", "correlationVector":"n6WP69ZWkbrg3JowDOfyir.4","action":"ProcessGetUpdates", "result":"Done", "context":{"dataType":"Device Info", "deleted":"0", "process_failed_to_decrypt":"0", "process_pending_decryption":"0", "process_success":"37", "total":"37"}}
{"logTime": "0628/111532", "correlationVector":"n6WP69ZWkbrg3JowDOfyir.5","action":"GetUpdates Response", "result":"Success", "context":Received 250 update(s). cV=n6WP69ZWkbrg3JowDOfyir.0;server=akswtt01400001i;cloudType=Consumer;environment=Prod_southindia_prod-s01-004-apac-southindia;migrationStage=NotStarted Some updates remain.}
{"logTime": "0628/111532", "correlationVector":"eenoZG+M6sKVkVzzY232t4","action":"Initial GetUpdates", "result":"", "context":Reason: NEWLY_SUPPORTED_DATATYPE. cV=eenoZG+M6sKVkVzzY232t4}
{"logTime": "0628/111534", "correlationVector":"eenoZG+M6sKVkVzzY232t4.1","action":"SyncServerConnectionManagerRequest", "result":"SYNC_SERVER_OK", "context":{"environment":"Prod_southindia_prod-s01-004-apac-southindia", "migrationStage":"NotStarted", "server":"akswtt014000004"}}
{"logTime": "0628/111534", "correlationVector":"eenoZG+M6sKVkVzzY232t4.2","action":"ProcessGetUpdates", "result":"Done", "context":{"dataType":"Passwords", "deleted":"0", "process_failed_to_decrypt":"0", "process_pending_decryption":"0", "process_success":"250", "total":"250"}}
{"logTime": "0628/111534", "correlationVector":"eenoZG+M6sKVkVzzY232t4.3","action":"GetUpdates Response", "result":"Success", "context":Received 250 update(s). cV=eenoZG+M6sKVkVzzY232t4.0;server=akswtt014000004;cloudType=Consumer;environment=Prod_southindia_prod-s01-004-apac-southindia;migrationStage=NotStarted Some updates remain.}
{"logTime": "0628/111534", "correlationVector":"CBl+itBBvhv8rr39d5yxFJ","action":"Initial GetUpdates", "result":"", "context":Reason: NEWLY_SUPPORTED_DATATYPE. cV=CBl+itBBvhv8rr39d5yxFJ}
{"logTime": "0628/111535", "correlationVector":"CBl+itBBvhv8rr39d5yxFJ.1","action":"SyncServerConnectionManagerRequest", "result":"SYNC_SERVER_OK", "context":{"environment":"Prod_southindia_prod-s01-004-apac-southindia", "migrationStage":"NotStarted", "server":"akswtt01400000o"}}
{"logTime": "0628/111535", "correlationVector":"CBl+itBBvhv8rr39d5yxFJ.2","action":"ProcessGetUpdates", "result":"Done", "context":{"dataType":"Preferences", "deleted":"0", "process_failed_to_decrypt":"0", "process_pending_decryption":"0", "process_success":"10", "total":"10"}}
{"logTime": "0628/111535", "correlationVector":"CBl+itBBvhv8rr39d5yxFJ.3","action":"ProcessGetUpdates", "result":"Done", "context":{"dataType":"Passwords", "deleted":"0", "process_failed_to_decrypt":"0", "process_pending_decryption":"0", "process_success":"154", "total":"154"}}
{"logTime": "0628/111535", "correlationVector":"CBl+itBBvhv8rr39d5yxFJ.4","action":"ProcessGetUpdates", "result":"Done", "context":{"dataType":"Device Info", "deleted":"0", "process_failed_to_decrypt":"0", "process_pending_decryption":"0", "process_success":"1", "total":"1"}}
{"logTime": "0628/111535", "correlationVector":"CBl+itBBvhv8rr39d5yxFJ.5","action":"GetUpdates Response", "result":"Success", "context":Received 165 update(s). cV=CBl+itBBvhv8rr39d5yxFJ.0;server=akswtt01400000o;cloudType=Consumer;environment=Prod_southindia_prod-s01-004-apac-southindia;migrationStage=NotStarted}
{"logTime": "0628/111535", "correlationVector":"nnH0Yqk38e/QR23/nna/K/","action":"Initial GetUpdates", "result":"", "context":Reason: NEWLY_SUPPORTED_DATATYPE. cV=nnH0Yqk38e/QR23/nna/K/}
{"logTime": "0628/111536", "correlationVector":"nnH0Yqk38e/QR23/nna/K/.1","action":"SyncServerConnectionManagerRequest", "result":"SYNC_SERVER_OK", "context":{"environment":"Prod_southindia_prod-s01-004-apac-southindia", "migrationStage":"NotStarted", "server":"akswtt014000009"}}
{"logTime": "0628/111536", "correlationVector":"nnH0Yqk38e/QR23/nna/K/.2","action":"ProcessGetUpdates", "result":"Done", "context":{"dataType":"Bookmarks", "deleted":"46", "process_failed_to_decrypt":"0", "process_pending_decryption":"0", "process_success":"71", "total":"71"}}
{"logTime": "0628/111536", "correlationVector":"nnH0Yqk38e/QR23/nna/K/.3","action":"GetUpdates Response", "result":"Success", "context":Received 71 update(s). cV=nnH0Yqk38e/QR23/nna/K/.0;server=akswtt014000009;cloudType=Consumer;environment=Prod_southindia_prod-s01-004-apac-southindia;migrationStage=NotStarted}
{"logTime": "0628/111536", "correlationVector":"EJM7xJGvMZ/+sazmvOehgs","action":"Initial GetUpdates", "result":"", "context":Reason: NEWLY_SUPPORTED_DATATYPE. cV=EJM7xJGvMZ/+sazmvOehgs}
{"logTime": "0628/111537", "correlationVector":"EJM7xJGvMZ/+sazmvOehgs.1","action":"SyncServerConnectionManagerRequest", "result":"SYNC_SERVER_OK", "context":{"environment":"Prod_southindia_prod-s01-004-apac-southindia", "migrationStage":"NotStarted", "server":"akswtt01400001i"}}
{"logTime": "0628/111537", "correlationVector":"EJM7xJGvMZ/+sazmvOehgs.2","action":"ProcessGetUpdates", "result":"Done", "context":{"dataType":"Autofill Profiles", "deleted":"0", "process_failed_to_decrypt":"0", "process_pending_decryption":"0", "process_success":"11", "total":"11"}}
{"logTime": "0628/111537", "correlationVector":"EJM7xJGvMZ/+sazmvOehgs.3","action":"ProcessGetUpdates", "result":"Done", "context":{"dataType":"Autofill", "deleted":"0", "process_failed_to_decrypt":"0", "process_pending_decryption":"0", "process_success":"224", "total":"224"}}
{"logTime": "0628/111537", "correlationVector":"EJM7xJGvMZ/+sazmvOehgs.4","action":"ProcessGetUpdates", "result":"Done", "context":{"dataType":"Extensions", "deleted":"0", "process_failed_to_decrypt":"0", "process_pending_decryption":"0", "process_success":"7", "total":"7"}}
{"logTime": "0628/111537", "correlationVector":"EJM7xJGvMZ/+sazmvOehgs.5","action":"ProcessGetUpdates", "result":"Done", "context":{"dataType":"Extension settings", "deleted":"0", "process_failed_to_decrypt":"0", "process_pending_decryption":"0", "process_success":"1", "total":"1"}}
{"logTime": "0628/111537", "correlationVector":"EJM7xJGvMZ/+sazmvOehgs.6","action":"ProcessGetUpdates", "result":"Done", "context":{"dataType":"Web Apps", "deleted":"0", "process_failed_to_decrypt":"0", "process_pending_decryption":"0", "process_success":"7", "total":"7"}}
{"logTime": "0628/111537", "correlationVector":"EJM7xJGvMZ/+sazmvOehgs.7","action":"GetUpdates Response", "result":"Success", "context":Received 250 update(s). cV=EJM7xJGvMZ/+sazmvOehgs.0;server=akswtt01400001i;cloudType=Consumer;environment=Prod_southindia_prod-s01-004-apac-southindia;migrationStage=NotStarted Some updates remain.}
{"logTime": "0628/111537", "correlationVector":"QzalShJ7sQ+Jwn9T8TRFQ7","action":"Initial GetUpdates", "result":"", "context":Reason: NEWLY_SUPPORTED_DATATYPE. cV=QzalShJ7sQ+Jwn9T8TRFQ7}
{"logTime": "0628/111538", "correlationVector":"QzalShJ7sQ+Jwn9T8TRFQ7.1","action":"SyncServerConnectionManagerRequest", "result":"SYNC_SERVER_OK", "context":{"environment":"Prod_southindia_prod-s01-004-apac-southindia", "migrationStage":"NotStarted", "server":"akswtt01400001u"}}
{"logTime": "0628/111538", "correlationVector":"QzalShJ7sQ+Jwn9T8TRFQ7.2","action":"ProcessGetUpdates", "result":"Done", "context":{"dataType":"Autofill", "deleted":"0", "process_failed_to_decrypt":"0", "process_pending_decryption":"0", "process_success":"250", "total":"250"}}
{"logTime": "0628/111538", "correlationVector":"QzalShJ7sQ+Jwn9T8TRFQ7.3","action":"GetUpdates Response", "result":"Success", "context":Received 250 update(s). cV=QzalShJ7sQ+Jwn9T8TRFQ7.0;server=akswtt01400001u;cloudType=Consumer;environment=Prod_southindia_prod-s01-004-apac-southindia;migrationStage=NotStarted Some updates remain.}
{"logTime": "0628/111538", "correlationVector":"m5nSKU/iK1AGEZpwHEr9Mg","action":"Initial GetUpdates", "result":"", "context":Reason: NEWLY_SUPPORTED_DATATYPE. cV=m5nSKU/iK1AGEZpwHEr9Mg}
{"logTime": "0628/111539", "correlationVector":"m5nSKU/iK1AGEZpwHEr9Mg.1","action":"SyncServerConnectionManagerRequest", "result":"SYNC_SERVER_OK", "context":{"environment":"Prod_southindia_prod-s01-004-apac-southindia", "migrationStage":"NotStarted", "server":"akswtt01400001f"}}
{"logTime": "0628/111539", "correlationVector":"m5nSKU/iK1AGEZpwHEr9Mg.2","action":"ProcessGetUpdates", "result":"Done", "context":{"dataType":"Autofill", "deleted":"0", "process_failed_to_decrypt":"0", "process_pending_decryption":"0", "process_success":"250", "total":"250"}}
{"logTime": "0628/111539", "correlationVector":"m5nSKU/iK1AGEZpwHEr9Mg.3","action":"GetUpdates Response", "result":"Success", "context":Received 250 update(s). cV=m5nSKU/iK1AGEZpwHEr9Mg.0;server=akswtt01400001f;cloudType=Consumer;environment=Prod_southindia_prod-s01-004-apac-southindia;migrationStage=NotStarted Some updates remain.}
{"logTime": "0628/111539", "correlationVector":"7csTFs0M/uNAqKax5Uekxf","action":"Initial GetUpdates", "result":"", "context":Reason: NEWLY_SUPPORTED_DATATYPE. cV=7csTFs0M/uNAqKax5Uekxf}
{"logTime": "0628/111540", "correlationVector":"7csTFs0M/uNAqKax5Uekxf.1","action":"SyncServerConnectionManagerRequest", "result":"SYNC_SERVER_OK", "context":{"environment":"Prod_southindia_prod-s01-004-apac-southindia", "migrationStage":"NotStarted", "server":"akswtt01400000z"}}
{"logTime": "0628/111540", "correlationVector":"7csTFs0M/uNAqKax5Uekxf.2","action":"ProcessGetUpdates", "result":"Done", "context":{"dataType":"Autofill Profiles", "deleted":"12", "process_failed_to_decrypt":"0", "process_pending_decryption":"0", "process_success":"19", "total":"19"}}
{"logTime": "0628/111540", "correlationVector":"7csTFs0M/uNAqKax5Uekxf.3","action":"ProcessGetUpdates", "result":"Done", "context":{"dataType":"Autofill", "deleted":"0", "process_failed_to_decrypt":"0", "process_pending_decryption":"0", "process_success":"194", "total":"194"}}
{"logTime": "0628/111540", "correlationVector":"7csTFs0M/uNAqKax5Uekxf.4","action":"ProcessGetUpdates", "result":"Done", "context":{"dataType":"Extensions", "deleted":"1", "process_failed_to_decrypt":"0", "process_pending_decryption":"0", "process_success":"1", "total":"1"}}
{"logTime": "0628/111540", "correlationVector":"7csTFs0M/uNAqKax5Uekxf.5","action":"ProcessGetUpdates", "result":"Done", "context":{"dataType":"Sessions", "deleted":"31", "process_failed_to_decrypt":"0", "process_pending_decryption":"0", "process_success":"31", "total":"31"}}
{"logTime": "0628/111540", "correlationVector":"7csTFs0M/uNAqKax5Uekxf.6","action":"ProcessGetUpdates", "result":"Done", "context":{"dataType":"Extension settings", "deleted":"1", "process_failed_to_decrypt":"0", "process_pending_decryption":"0", "process_success":"1", "total":"1"}}
{"logTime": "0628/111540", "correlationVector":"7csTFs0M/uNAqKax5Uekxf.7","action":"ProcessGetUpdates", "result":"Done", "context":{"dataType":"Web Apps", "deleted":"0", "process_failed_to_decrypt":"0", "process_pending_decryption":"0", "process_success":"1", "total":"1"}}
{"logTime": "0628/111540", "correlationVector":"7csTFs0M/uNAqKax5Uekxf.8","action":"ProcessGetUpdates", "result":"Done", "context":{"dataType":"Edge Hub App Usage", "deleted":"0", "process_failed_to_decrypt":"0", "process_pending_decryption":"0", "process_success":"3", "total":"3"}}
{"logTime": "0628/111540", "correlationVector":"7csTFs0M/uNAqKax5Uekxf.9","action":"GetUpdates Response", "result":"Success", "context":Received 250 update(s). cV=7csTFs0M/uNAqKax5Uekxf.0;server=akswtt01400000z;cloudType=Consumer;environment=Prod_southindia_prod-s01-004-apac-southindia;migrationStage=NotStarted Some updates remain.}
{"logTime": "0628/111540", "correlationVector":"LDE8SjLPN8wcH2Z7Xbwv1M","action":"Initial GetUpdates", "result":"", "context":Reason: NEWLY_SUPPORTED_DATATYPE. cV=LDE8SjLPN8wcH2Z7Xbwv1M}
{"logTime": "0628/111541", "correlationVector":"LDE8SjLPN8wcH2Z7Xbwv1M.1","action":"SyncServerConnectionManagerRequest", "result":"SYNC_SERVER_OK", "context":{"environment":"Prod_southindia_prod-s01-004-apac-southindia", "migrationStage":"NotStarted", "server":"akswtt01400001v"}}
{"logTime": "0628/111541", "correlationVector":"LDE8SjLPN8wcH2Z7Xbwv1M.2","action":"ProcessGetUpdates", "result":"Done", "context":{"dataType":"Autofill Profiles", "deleted":"10", "process_failed_to_decrypt":"0", "process_pending_decryption":"0", "process_success":"12", "total":"12"}}
{"logTime": "0628/111541", "correlationVector":"LDE8SjLPN8wcH2Z7Xbwv1M.3","action":"ProcessGetUpdates", "result":"Done", "context":{"dataType":"Autofill", "deleted":"0", "process_failed_to_decrypt":"0", "process_pending_decryption":"0", "process_success":"8", "total":"8"}}
{"logTime": "0628/111541", "correlationVector":"LDE8SjLPN8wcH2Z7Xbwv1M.4","action":"ProcessGetUpdates", "result":"Done", "context":{"dataType":"Extensions", "deleted":"2", "process_failed_to_decrypt":"0", "process_pending_decryption":"0", "process_success":"5", "total":"5"}}
{"logTime": "0628/111541", "correlationVector":"LDE8SjLPN8wcH2Z7Xbwv1M.5","action":"ProcessGetUpdates", "result":"Done", "context":{"dataType":"Sessions", "deleted":"217", "process_failed_to_decrypt":"0", "process_pending_decryption":"0", "process_success":"217", "total":"217"}}
{"logTime": "0628/111541", "correlationVector":"LDE8SjLPN8wcH2Z7Xbwv1M.6","action":"ProcessGetUpdates", "result":"Done", "context":{"dataType":"Edge Hub App Usage", "deleted":"0", "process_failed_to_decrypt":"0", "process_pending_decryption":"0", "process_success":"8", "total":"8"}}
{"logTime": "0628/111541", "correlationVector":"LDE8SjLPN8wcH2Z7Xbwv1M.7","action":"GetUpdates Response", "result":"Success", "context":Received 250 update(s). cV=LDE8SjLPN8wcH2Z7Xbwv1M.0;server=akswtt01400001v;cloudType=Consumer;environment=Prod_southindia_prod-s01-004-apac-southindia;migrationStage=NotStarted Some updates remain.}
{"logTime": "0628/111541", "correlationVector":"LVYFdzeNEy9FK2UKSyCbsX","action":"Initial GetUpdates", "result":"", "context":Reason: NEWLY_SUPPORTED_DATATYPE. cV=LVYFdzeNEy9FK2UKSyCbsX}
{"logTime": "0628/111542", "correlationVector":"LVYFdzeNEy9FK2UKSyCbsX.1","action":"SyncServerConnectionManagerRequest", "result":"SYNC_SERVER_OK", "context":{"environment":"Prod_southindia_prod-s01-004-apac-southindia", "migrationStage":"NotStarted", "server":"akswtt01400000r"}}
{"logTime": "0628/111542", "correlationVector":"LVYFdzeNEy9FK2UKSyCbsX.2","action":"ProcessGetUpdates", "result":"Done", "context":{"dataType":"Autofill Profiles", "deleted":"5", "process_failed_to_decrypt":"0", "process_pending_decryption":"0", "process_success":"8", "total":"8"}}
{"logTime": "0628/111542", "correlationVector":"LVYFdzeNEy9FK2UKSyCbsX.3","action":"ProcessGetUpdates", "result":"Done", "context":{"dataType":"Autofill", "deleted":"0", "process_failed_to_decrypt":"0", "process_pending_decryption":"0", "process_success":"10", "total":"10"}}
{"logTime": "0628/111542", "correlationVector":"LVYFdzeNEy9FK2UKSyCbsX.4","action":"ProcessGetUpdates", "result":"Done", "context":{"dataType":"Extensions", "deleted":"2", "process_failed_to_decrypt":"0", "process_pending_decryption":"0", "process_success":"2", "total":"2"}}
{"logTime": "0628/111542", "correlationVector":"LVYFdzeNEy9FK2UKSyCbsX.5","action":"ProcessGetUpdates", "result":"Done", "context":{"dataType":"Sessions", "deleted":"224", "process_failed_to_decrypt":"0", "process_pending_decryption":"0", "process_success":"224", "total":"224"}}
{"logTime": "0628/111542", "correlationVector":"LVYFdzeNEy9FK2UKSyCbsX.6","action":"ProcessGetUpdates", "result":"Done", "context":{"dataType":"Web Apps", "deleted":"1", "process_failed_to_decrypt":"0", "process_pending_decryption":"0", "process_success":"1", "total":"1"}}
{"logTime": "0628/111542", "correlationVector":"LVYFdzeNEy9FK2UKSyCbsX.7","action":"ProcessGetUpdates", "result":"Done", "context":{"dataType":"Saved Tab Group", "deleted":"4", "process_failed_to_decrypt":"0", "process_pending_decryption":"0", "process_success":"4", "total":"4"}}
{"logTime": "0628/111542", "correlationVector":"LVYFdzeNEy9FK2UKSyCbsX.8","action":"ProcessGetUpdates", "result":"Done", "context":{"dataType":"Edge Hub App Usage", "deleted":"0", "process_failed_to_decrypt":"0", "process_pending_decryption":"0", "process_success":"1", "total":"1"}}
{"logTime": "0628/111542", "correlationVector":"LVYFdzeNEy9FK2UKSyCbsX.9","action":"GetUpdates Response", "result":"Success", "context":Received 250 update(s). cV=LVYFdzeNEy9FK2UKSyCbsX.0;server=akswtt01400000r;cloudType=Consumer;environment=Prod_southindia_prod-s01-004-apac-southindia;migrationStage=NotStarted Some updates remain.}
{"logTime": "0628/111542", "correlationVector":"XhEInM6emVkgFvb7bQ57R5","action":"Initial GetUpdates", "result":"", "context":Reason: NEWLY_SUPPORTED_DATATYPE. cV=XhEInM6emVkgFvb7bQ57R5}
{"logTime": "0628/111543", "correlationVector":"XhEInM6emVkgFvb7bQ57R5.1","action":"SyncServerConnectionManagerRequest", "result":"SYNC_SERVER_OK", "context":{"environment":"Prod_southindia_prod-s01-004-apac-southindia", "migrationStage":"NotStarted", "server":"akswtt01400001f"}}
{"logTime": "0628/111543", "correlationVector":"XhEInM6emVkgFvb7bQ57R5.2","action":"ProcessGetUpdates", "result":"Done", "context":{"dataType":"Autofill Profiles", "deleted":"0", "process_failed_to_decrypt":"0", "process_pending_decryption":"0", "process_success":"13", "total":"13"}}
{"logTime": "0628/111543", "correlationVector":"XhEInM6emVkgFvb7bQ57R5.3","action":"ProcessGetUpdates", "result":"Done", "context":{"dataType":"Autofill", "deleted":"0", "process_failed_to_decrypt":"0", "process_pending_decryption":"0", "process_success":"25", "total":"25"}}
{"logTime": "0628/111543", "correlationVector":"XhEInM6emVkgFvb7bQ57R5.4","action":"ProcessGetUpdates", "result":"Done", "context":{"dataType":"Extensions", "deleted":"4", "process_failed_to_decrypt":"0", "process_pending_decryption":"0", "process_success":"6", "total":"6"}}
{"logTime": "0628/111543", "correlationVector":"XhEInM6emVkgFvb7bQ57R5.5","action":"ProcessGetUpdates", "result":"Done", "context":{"dataType":"Sessions", "deleted":"206", "process_failed_to_decrypt":"0", "process_pending_decryption":"0", "process_success":"206", "total":"206"}}
{"logTime": "0628/111543", "correlationVector":"XhEInM6emVkgFvb7bQ57R5.6","action":"GetUpdates Response", "result":"Success", "context":Received 250 update(s). cV=XhEInM6emVkgFvb7bQ57R5.0;server=akswtt01400001f;cloudType=Consumer;environment=Prod_southindia_prod-s01-004-apac-southindia;migrationStage=NotStarted Some updates remain.}
{"logTime": "0628/111543", "correlationVector":"nOJBnLy8hbz2JaQCxziPBk","action":"Initial GetUpdates", "result":"", "context":Reason: NEWLY_SUPPORTED_DATATYPE. cV=nOJBnLy8hbz2JaQCxziPBk}
{"logTime": "0628/111544", "correlationVector":"nOJBnLy8hbz2JaQCxziPBk.1","action":"SyncServerConnectionManagerRequest", "result":"SYNC_SERVER_OK", "context":{"environment":"Prod_southindia_prod-s01-004-apac-southindia", "migrationStage":"NotStarted", "server":"akswtt014000004"}}
{"logTime": "0628/111544", "correlationVector":"nOJBnLy8hbz2JaQCxziPBk.2","action":"ProcessGetUpdates", "result":"Done", "context":{"dataType":"Autofill Profiles", "deleted":"22", "process_failed_to_decrypt":"0", "process_pending_decryption":"0", "process_success":"30", "total":"30"}}
{"logTime": "0628/111544", "correlationVector":"nOJBnLy8hbz2JaQCxziPBk.3","action":"ProcessGetUpdates", "result":"Done", "context":{"dataType":"Autofill", "deleted":"0", "process_failed_to_decrypt":"0", "process_pending_decryption":"0", "process_success":"14", "total":"14"}}
{"logTime": "0628/111544", "correlationVector":"nOJBnLy8hbz2JaQCxziPBk.4","action":"ProcessGetUpdates", "result":"Done", "context":{"dataType":"Extensions", "deleted":"6", "process_failed_to_decrypt":"0", "process_pending_decryption":"0", "process_success":"6", "total":"6"}}
{"logTime": "0628/111544", "correlationVector":"nOJBnLy8hbz2JaQCxziPBk.5","action":"ProcessGetUpdates", "result":"Done", "context":{"dataType":"Sessions", "deleted":"195", "process_failed_to_decrypt":"0", "process_pending_decryption":"0", "process_success":"195", "total":"195"}}
{"logTime": "0628/111544", "correlationVector":"nOJBnLy8hbz2JaQCxziPBk.6","action":"ProcessGetUpdates", "result":"Done", "context":{"dataType":"Web Apps", "deleted":"0", "process_failed_to_decrypt":"0", "process_pending_decryption":"0", "process_success":"1", "total":"1"}}
{"logTime": "0628/111544", "correlationVector":"nOJBnLy8hbz2JaQCxziPBk.7","action":"ProcessGetUpdates", "result":"Done", "context":{"dataType":"Edge Hub App Usage", "deleted":"0", "process_failed_to_decrypt":"0", "process_pending_decryption":"0", "process_success":"4", "total":"4"}}
{"logTime": "0628/111544", "correlationVector":"nOJBnLy8hbz2JaQCxziPBk.8","action":"GetUpdates Response", "result":"Success", "context":Received 250 update(s). cV=nOJBnLy8hbz2JaQCxziPBk.0;server=akswtt014000004;cloudType=Consumer;environment=Prod_southindia_prod-s01-004-apac-southindia;migrationStage=NotStarted Some updates remain.}
{"logTime": "0628/111544", "correlationVector":"k/9Jp3RLy4/PXIjgMLpTYn","action":"Initial GetUpdates", "result":"", "context":Reason: NEWLY_SUPPORTED_DATATYPE. cV=k/9Jp3RLy4/PXIjgMLpTYn}
{"logTime": "0628/111545", "correlationVector":"k/9Jp3RLy4/PXIjgMLpTYn.1","action":"SyncServerConnectionManagerRequest", "result":"SYNC_SERVER_OK", "context":{"environment":"Prod_southindia_prod-s01-004-apac-southindia", "migrationStage":"NotStarted", "server":"akswtt01400001v"}}
{"logTime": "0628/111545", "correlationVector":"k/9Jp3RLy4/PXIjgMLpTYn.2","action":"ProcessGetUpdates", "result":"Done", "context":{"dataType":"Autofill Profiles", "deleted":"5", "process_failed_to_decrypt":"0", "process_pending_decryption":"0", "process_success":"9", "total":"9"}}
{"logTime": "0628/111545", "correlationVector":"k/9Jp3RLy4/PXIjgMLpTYn.3","action":"ProcessGetUpdates", "result":"Done", "context":{"dataType":"Autofill", "deleted":"0", "process_failed_to_decrypt":"0", "process_pending_decryption":"0", "process_success":"18", "total":"18"}}
{"logTime": "0628/111545", "correlationVector":"k/9Jp3RLy4/PXIjgMLpTYn.4","action":"ProcessGetUpdates", "result":"Done", "context":{"dataType":"Extensions", "deleted":"1", "process_failed_to_decrypt":"0", "process_pending_decryption":"0", "process_success":"3", "total":"3"}}
{"logTime": "0628/111545", "correlationVector":"k/9Jp3RLy4/PXIjgMLpTYn.5","action":"ProcessGetUpdates", "result":"Done", "context":{"dataType":"Sessions", "deleted":"208", "process_failed_to_decrypt":"0", "process_pending_decryption":"0", "process_success":"208", "total":"208"}}
{"logTime": "0628/111545", "correlationVector":"k/9Jp3RLy4/PXIjgMLpTYn.6","action":"ProcessGetUpdates", "result":"Done", "context":{"dataType":"Extension settings", "deleted":"5", "process_failed_to_decrypt":"0", "process_pending_decryption":"0", "process_success":"6", "total":"6"}}
{"logTime": "0628/111545", "correlationVector":"k/9Jp3RLy4/PXIjgMLpTYn.7","action":"ProcessGetUpdates", "result":"Done", "context":{"dataType":"History Delete Directives", "deleted":"0", "process_failed_to_decrypt":"0", "process_pending_decryption":"0", "process_success":"1", "total":"1"}}
{"logTime": "0628/111545", "correlationVector":"k/9Jp3RLy4/PXIjgMLpTYn.8","action":"ProcessGetUpdates", "result":"Done", "context":{"dataType":"Edge Hub App Usage", "deleted":"0", "process_failed_to_decrypt":"0", "process_pending_decryption":"0", "process_success":"5", "total":"5"}}
{"logTime": "0628/111545", "correlationVector":"k/9Jp3RLy4/PXIjgMLpTYn.9","action":"GetUpdates Response", "result":"Success", "context":Received 250 update(s). cV=k/9Jp3RLy4/PXIjgMLpTYn.0;server=akswtt01400001v;cloudType=Consumer;environment=Prod_southindia_prod-s01-004-apac-southindia;migrationStage=NotStarted Some updates remain.}
{"logTime": "0628/111545", "correlationVector":"mbYevngBdrqE7+K362ppJi","action":"Initial GetUpdates", "result":"", "context":Reason: NEWLY_SUPPORTED_DATATYPE. cV=mbYevngBdrqE7+K362ppJi}
{"logTime": "0628/111546", "correlationVector":"mbYevngBdrqE7+K362ppJi.1","action":"SyncServerConnectionManagerRequest", "result":"SYNC_SERVER_OK", "context":{"environment":"Prod_southindia_prod-s01-004-apac-southindia", "migrationStage":"NotStarted", "server":"akswtt014000004"}}
{"logTime": "0628/111546", "correlationVector":"mbYevngBdrqE7+K362ppJi.2","action":"ProcessGetUpdates", "result":"Done", "context":{"dataType":"Autofill Profiles", "deleted":"6", "process_failed_to_decrypt":"0", "process_pending_decryption":"0", "process_success":"9", "total":"9"}}
{"logTime": "0628/111546", "correlationVector":"mbYevngBdrqE7+K362ppJi.3","action":"ProcessGetUpdates", "result":"Done", "context":{"dataType":"Autofill", "deleted":"0", "process_failed_to_decrypt":"0", "process_pending_decryption":"0", "process_success":"39", "total":"39"}}
{"logTime": "0628/111546", "correlationVector":"mbYevngBdrqE7+K362ppJi.4","action":"ProcessGetUpdates", "result":"Done", "context":{"dataType":"Extensions", "deleted":"1", "process_failed_to_decrypt":"0", "process_pending_decryption":"0", "process_success":"5", "total":"5"}}
{"logTime": "0628/111546", "correlationVector":"mbYevngBdrqE7+K362ppJi.5","action":"ProcessGetUpdates", "result":"Done", "context":{"dataType":"Sessions", "deleted":"189", "process_failed_to_decrypt":"0", "process_pending_decryption":"0", "process_success":"189", "total":"189"}}
{"logTime": "0628/111546", "correlationVector":"mbYevngBdrqE7+K362ppJi.6","action":"ProcessGetUpdates", "result":"Done", "context":{"dataType":"Edge Hub App Usage", "deleted":"0", "process_failed_to_decrypt":"0", "process_pending_decryption":"0", "process_success":"8", "total":"8"}}
{"logTime": "0628/111546", "correlationVector":"mbYevngBdrqE7+K362ppJi.7","action":"GetUpdates Response", "result":"Success", "context":Received 250 update(s). cV=mbYevngBdrqE7+K362ppJi.0;server=akswtt014000004;cloudType=Consumer;environment=Prod_southindia_prod-s01-004-apac-southindia;migrationStage=NotStarted Some updates remain.}
{"logTime": "0628/111546", "correlationVector":"HqG8csOJlGuGIVelCdvmM4","action":"Initial GetUpdates", "result":"", "context":Reason: NEWLY_SUPPORTED_DATATYPE. cV=HqG8csOJlGuGIVelCdvmM4}
{"logTime": "0628/111547", "correlationVector":"HqG8csOJlGuGIVelCdvmM4.1","action":"SyncServerConnectionManagerRequest", "result":"SYNC_SERVER_OK", "context":{"environment":"Prod_southindia_prod-s01-004-apac-southindia", "migrationStage":"NotStarted", "server":"akswtt014000017"}}
{"logTime": "0628/111547", "correlationVector":"HqG8csOJlGuGIVelCdvmM4.2","action":"ProcessGetUpdates", "result":"Done", "context":{"dataType":"Autofill Profiles", "deleted":"0", "process_failed_to_decrypt":"0", "process_pending_decryption":"0", "process_success":"9", "total":"9"}}
{"logTime": "0628/111547", "correlationVector":"HqG8csOJlGuGIVelCdvmM4.3","action":"ProcessGetUpdates", "result":"Done", "context":{"dataType":"Autofill", "deleted":"0", "process_failed_to_decrypt":"0", "process_pending_decryption":"0", "process_success":"6", "total":"6"}}
{"logTime": "0628/111547", "correlationVector":"HqG8csOJlGuGIVelCdvmM4.4","action":"ProcessGetUpdates", "result":"Done", "context":{"dataType":"Sessions", "deleted":"107", "process_failed_to_decrypt":"0", "process_pending_decryption":"0", "process_success":"108", "total":"108"}}
{"logTime": "0628/111547", "correlationVector":"HqG8csOJlGuGIVelCdvmM4.5","action":"GetUpdates Response", "result":"Success", "context":Received 123 update(s). cV=HqG8csOJlGuGIVelCdvmM4.0;server=akswtt014000017;cloudType=Consumer;environment=Prod_southindia_prod-s01-004-apac-southindia;migrationStage=NotStarted}
{"logTime": "0628/111547", "correlationVector":"62L5lzafPl9y5i1Xk48jhW","action":"Initial GetUpdates", "result":"", "context":Reason: NEWLY_SUPPORTED_DATATYPE. cV=62L5lzafPl9y5i1Xk48jhW}
{"logTime": "0628/111547", "correlationVector":"62L5lzafPl9y5i1Xk48jhW.1","action":"SyncServerConnectionManagerRequest", "result":"SYNC_SERVER_OK", "context":{"environment":"Prod_southindia_prod-s01-004-apac-southindia", "migrationStage":"NotStarted", "server":"akswtt01400002a"}}
{"logTime": "0628/111547", "correlationVector":"62L5lzafPl9y5i1Xk48jhW.2","action":"GetUpdates Response", "result":"Success", "context":Received 0 update(s). cV=62L5lzafPl9y5i1Xk48jhW.0;server=akswtt01400002a;cloudType=Consumer;environment=Prod_southindia_prod-s01-004-apac-southindia;migrationStage=NotStarted}
{"logTime": "0628/111547", "correlationVector":"c3BlsUA8ZU1lIJ23cd1Zt2","action":"Normal GetUpdate request", "result":"", "context":cV=c3BlsUA8ZU1lIJ23cd1Zt2
Nudged types: Sessions, Device Info, User Consents
Refresh requested types: Bookmarks, Preferences, Passwords, Autofill Profiles, Autofill, Extensions, Sessions, Extension settings, History Delete Directives, Device Info, User Consents, Send Tab To Self, Web Apps, History, Saved Tab Group, WebAuthn Credentials, Collection, Edge E Drop, Edge Hub App Usage, Edge Wallet, Encryption Keys}
{"logTime": "0628/111550", "correlationVector":"c3BlsUA8ZU1lIJ23cd1Zt2.1","action":"SyncServerConnectionManagerRequest", "result":"SYNC_SERVER_OK", "context":{"environment":"Prod_southindia_prod-s01-004-apac-southindia", "migrationStage":"NotStarted", "server":"akswtt01400000r"}}
{"logTime": "0628/111550", "correlationVector":"c3BlsUA8ZU1lIJ23cd1Zt2.2","action":"GetUpdates Response", "result":"Success", "context":Received 0 update(s). cV=c3BlsUA8ZU1lIJ23cd1Zt2.0;server=akswtt01400000r;cloudType=Consumer;environment=Prod_southindia_prod-s01-004-apac-southindia;migrationStage=NotStarted}
{"logTime": "0628/111551", "correlationVector":"2eFcOWkLF6DtCak9vD+Ysc","action":"DoCompareDataConsistency requsted types: ", "result":"Bookmarks, Preferences, Passwords, Extensions, Extension settings, History Delete Directives, Send Tab To Self, Web Apps, History, Saved Tab Group, WebAuthn Credentials, Collection, Edge E Drop, Edge Wallet, Encryption Keys"}
{"logTime": "0628/111551", "correlationVector":"2eFcOWkLF6DtCak9vD+Ysc.0","action":"CompareDataConsistency result: ", "result":"Compare result: Encryption Keys is consistent. local entities count is: 1 local entities hash is: 6NKg8pDRbgNIcac181WiTeqNg14="}
{"logTime": "0628/111551", "correlationVector":"2eFcOWkLF6DtCak9vD+Ysc.1","action":"CompareDataConsistency result: ", "result":"Compare result: Bookmarks is consistent. local entities count is: 20 local entities hash is: bjpYr1E3DDa2nbMTEmSyH/0di3I="}
{"logTime": "0628/111551", "correlationVector":"2eFcOWkLF6DtCak9vD+Ysc.2","action":"CompareDataConsistency result: ", "result":"Compare result: Preferences is consistent. local entities count is: 135 local entities hash is: 8GeAcVBZhu4+6v0lg1N8h1rl2K4="}
{"logTime": "0628/111551", "correlationVector":"2eFcOWkLF6DtCak9vD+Ysc.3","action":"CompareDataConsistency result: ", "result":"Compare result: Extensions is consistent. local entities count is: 18 local entities hash is: TP3ucpH1niymEFZ2z/mEqRdq+Ms="}
{"logTime": "0628/111551", "correlationVector":"2eFcOWkLF6DtCak9vD+Ysc.4","action":"CompareDataConsistency result: ", "result":"Compare result: Extension settings is consistent. local entities count is: 2 local entities hash is: Z+rIkom64idVG+fGT77Gbi2Sf0Q="}
{"logTime": "0628/111551", "correlationVector":"2eFcOWkLF6DtCak9vD+Ysc.5","action":"CompareDataConsistency result: ", "result":"Compare result: History Delete Directives is inconsistent. server entities count is: 1 server entities hash is: ykH9Z4VKNuD3OyYji29U7JeQMag= local entities count is: 0 local entities hash is: "}
{"logTime": "0628/111551", "correlationVector":"2eFcOWkLF6DtCak9vD+Ysc.6","action":"CompareDataConsistency result: ", "result":"Server did not send this Send Tab To Self local entities count is: 0 local entities hash is: "}
{"logTime": "0628/111551", "correlationVector":"2eFcOWkLF6DtCak9vD+Ysc.7","action":"CompareDataConsistency result: ", "result":"Compare result: Web Apps is consistent. local entities count is: 9 local entities hash is: El7feEX24ktUmQ03OuVEsP6RxiQ="}
{"logTime": "0628/111551", "correlationVector":"2eFcOWkLF6DtCak9vD+Ysc.8","action":"CompareDataConsistency result: ", "result":"Server did not send this History local entities count is: 0 local entities hash is: "}
{"logTime": "0628/111551", "correlationVector":"2eFcOWkLF6DtCak9vD+Ysc.9","action":"CompareDataConsistency result: ", "result":"Compare result: Saved Tab Group is consistent. local entities count is: 0 local entities hash is: "}
{"logTime": "0628/111551", "correlationVector":"2eFcOWkLF6DtCak9vD+Ysc.10","action":"CompareDataConsistency result: ", "result":"Server did not send this WebAuthn Credentials local entities count is: 0 local entities hash is: "}
{"logTime": "0628/111551", "correlationVector":"2eFcOWkLF6DtCak9vD+Ysc.11","action":"CompareDataConsistency result: ", "result":"Compare result: Collection is consistent. local entities count is: 0 local entities hash is: "}
{"logTime": "0628/111551", "correlationVector":"2eFcOWkLF6DtCak9vD+Ysc.12","action":"CompareDataConsistency result: ", "result":"Compare result: Edge E Drop is consistent. local entities count is: 0 local entities hash is: "}
{"logTime": "0628/111551", "correlationVector":"2eFcOWkLF6DtCak9vD+Ysc.13","action":"CompareDataConsistency result: ", "result":"Compare result: Edge Wallet is consistent. local entities count is: 0 local entities hash is: "}
{"logTime": "0628/111551", "correlationVector":"2eFcOWkLF6DtCak9vD+Ysc.14","action":"CompareDataConsistency result: ", "result":"Compare result: Passwords is consistent. local entities count is: 491 local entities hash is: kl5gxn9N5O+TmZx52+SJahThfvQ="}
{"logTime": "0628/111551", "correlationVector":"QbkdZTEGv/M/XRxBS5Fy9n","action":"Commit Request", "result":"", "context":Item count: 5
Contributing types: Sessions, Device Info, User Consents}
{"logTime": "0628/111552", "correlationVector":"QbkdZTEGv/M/XRxBS5Fy9n.1","action":"SyncServerConnectionManagerRequest", "result":"SYNC_SERVER_OK", "context":{"environment":"Prod_southindia_prod-s01-004-apac-southindia", "migrationStage":"NotStarted", "server":"akswtt01400001i"}}
{"logTime": "0628/111552", "correlationVector":"QbkdZTEGv/M/XRxBS5Fy9n.2","action":"Commit Response", "result":"Success", "context":Result: Success. cV=QbkdZTEGv/M/XRxBS5Fy9n.0;server=akswtt01400001i;cloudType=Consumer;environment=Prod_southindia_prod-s01-004-apac-southindia;migrationStage=NotStarted}
{"logTime": "0628/111552", "correlationVector":"","action":"DIAGNOSTIC_REQUEST|v1/diagnosticData/Diagnostic.SendCheckResult()|SUCCESS", "result":""}
{"logTime": "0628/111609", "correlationVector":"5riXCrHYcJ833HhalOGs6v","action":"Commit Request", "result":"", "context":Item count: 40
Contributing types: Passwords}
{"logTime": "0628/111612", "correlationVector":"5riXCrHYcJ833HhalOGs6v.1","action":"SyncServerConnectionManagerRequest", "result":"SYNC_SERVER_OK", "context":{"environment":"Prod_southindia_prod-s01-004-apac-southindia", "migrationStage":"NotStarted", "server":"akswtt014000018"}}
{"logTime": "0628/111612", "correlationVector":"5riXCrHYcJ833HhalOGs6v.2","action":"Commit Response", "result":"Success", "context":Result: Success. cV=5riXCrHYcJ833HhalOGs6v.0;server=akswtt014000018;cloudType=Consumer;environment=Prod_southindia_prod-s01-004-apac-southindia;migrationStage=NotStarted}
{"logTime": "0628/111612", "correlationVector":"Xd4hZZUdkUqPvCiyPjcOdT","action":"Commit Request", "result":"", "context":Item count: 40
Contributing types: Passwords}
{"logTime": "0628/111614", "correlationVector":"Xd4hZZUdkUqPvCiyPjcOdT.1","action":"SyncServerConnectionManagerRequest", "result":"SYNC_SERVER_OK", "context":{"environment":"Prod_southindia_prod-s01-004-apac-southindia", "migrationStage":"NotStarted", "server":"akswtt01400000k"}}
{"logTime": "0628/111614", "correlationVector":"Xd4hZZUdkUqPvCiyPjcOdT.2","action":"Commit Response", "result":"Success", "context":Result: Success. cV=Xd4hZZUdkUqPvCiyPjcOdT.0;server=akswtt01400000k;cloudType=Consumer;environment=Prod_southindia_prod-s01-004-apac-southindia;migrationStage=NotStarted}
{"logTime": "0628/111614", "correlationVector":"4pPLWtj+KGKKJv0393GFci","action":"Commit Request", "result":"", "context":Item count: 40
Contributing types: Passwords}
{"logTime": "0628/111616", "correlationVector":"4pPLWtj+KGKKJv0393GFci.1","action":"SyncServerConnectionManagerRequest", "result":"SYNC_SERVER_OK", "context":{"environment":"Prod_southindia_prod-s01-004-apac-southindia", "migrationStage":"NotStarted", "server":"akswtt01400001y"}}
{"logTime": "0628/111616", "correlationVector":"4pPLWtj+KGKKJv0393GFci.2","action":"Commit Response", "result":"Success", "context":Result: Success. cV=4pPLWtj+KGKKJv0393GFci.0;server=akswtt01400001y;cloudType=Consumer;environment=Prod_southindia_prod-s01-004-apac-southindia;migrationStage=NotStarted}
{"logTime": "0628/111616", "correlationVector":"dDlLv0Z10DbENSrZRgEppr","action":"Commit Request", "result":"", "context":Item count: 40
Contributing types: Passwords}
{"logTime": "0628/111619", "correlationVector":"dDlLv0Z10DbENSrZRgEppr.1","action":"SyncServerConnectionManagerRequest", "result":"SYNC_SERVER_OK", "context":{"environment":"Prod_southindia_prod-s01-004-apac-southindia", "migrationStage":"NotStarted", "server":"akswtt014000016"}}
{"logTime": "0628/111619", "correlationVector":"dDlLv0Z10DbENSrZRgEppr.2","action":"Commit Response", "result":"Success", "context":Result: Success. cV=dDlLv0Z10DbENSrZRgEppr.0;server=akswtt014000016;cloudType=Consumer;environment=Prod_southindia_prod-s01-004-apac-southindia;migrationStage=NotStarted}
{"logTime": "0628/111619", "correlationVector":"eCospoHDgL9UxsUaeYX+OF","action":"Commit Request", "result":"", "context":Item count: 40
Contributing types: Passwords}
{"logTime": "0628/111621", "correlationVector":"eCospoHDgL9UxsUaeYX+OF.1","action":"SyncServerConnectionManagerRequest", "result":"SYNC_SERVER_OK", "context":{"environment":"Prod_southindia_prod-s01-004-apac-southindia", "migrationStage":"NotStarted", "server":"akswtt01400000o"}}
{"logTime": "0628/111621", "correlationVector":"eCospoHDgL9UxsUaeYX+OF.2","action":"Commit Response", "result":"Success", "context":Result: Success. cV=eCospoHDgL9UxsUaeYX+OF.0;server=akswtt01400000o;cloudType=Consumer;environment=Prod_southindia_prod-s01-004-apac-southindia;migrationStage=NotStarted}
{"logTime": "0628/111621", "correlationVector":"dvxqEnLv7/vNCFGY6qt88K","action":"Commit Request", "result":"", "context":Item count: 40
Contributing types: Passwords}
{"logTime": "0628/111624", "correlationVector":"dvxqEnLv7/vNCFGY6qt88K.1","action":"SyncServerConnectionManagerRequest", "result":"SYNC_SERVER_OK", "context":{"environment":"Prod_southindia_prod-s01-004-apac-southindia", "migrationStage":"NotStarted", "server":"akswtt01400001u"}}
{"logTime": "0628/111624", "correlationVector":"dvxqEnLv7/vNCFGY6qt88K.2","action":"Commit Response", "result":"Success", "context":Result: Success. cV=dvxqEnLv7/vNCFGY6qt88K.0;server=akswtt01400001u;cloudType=Consumer;environment=Prod_southindia_prod-s01-004-apac-southindia;migrationStage=NotStarted}
{"logTime": "0628/111624", "correlationVector":"V4x/0M+THwhxs4m4cTU9tg","action":"Commit Request", "result":"", "context":Item count: 40
Contributing types: Passwords}
{"logTime": "0628/111629", "correlationVector":"V4x/0M+THwhxs4m4cTU9tg.1","action":"SyncServerConnectionManagerRequest", "result":"SYNC_SERVER_OK", "context":{"environment":"Prod_southindia_prod-s01-004-apac-southindia", "migrationStage":"NotStarted", "server":"akswtt01400000r"}}
{"logTime": "0628/111629", "correlationVector":"V4x/0M+THwhxs4m4cTU9tg.2","action":"Commit Response", "result":"Success", "context":Result: Success. cV=V4x/0M+THwhxs4m4cTU9tg.0;server=akswtt01400000r;cloudType=Consumer;environment=Prod_southindia_prod-s01-004-apac-southindia;migrationStage=NotStarted}
{"logTime": "0628/111629", "correlationVector":"NpdlGDfmofkppzciJ97EhQ","action":"Commit Request", "result":"", "context":Item count: 40
Contributing types: Passwords}
{"logTime": "0628/111632", "correlationVector":"NpdlGDfmofkppzciJ97EhQ.1","action":"SyncServerConnectionManagerRequest", "result":"SYNC_SERVER_OK", "context":{"environment":"Prod_southindia_prod-s01-004-apac-southindia", "migrationStage":"NotStarted", "server":"akswtt01400001i"}}
{"logTime": "0628/111632", "correlationVector":"NpdlGDfmofkppzciJ97EhQ.2","action":"Commit Response", "result":"Success", "context":Result: Success. cV=NpdlGDfmofkppzciJ97EhQ.0;server=akswtt01400001i;cloudType=Consumer;environment=Prod_southindia_prod-s01-004-apac-southindia;migrationStage=NotStarted}
{"logTime": "0628/111632", "correlationVector":"y+EZ4cJ1FdEYYN9TmjNK4j","action":"Commit Request", "result":"", "context":Item count: 40
Contributing types: Passwords}
{"logTime": "0628/111634", "correlationVector":"y+EZ4cJ1FdEYYN9TmjNK4j.1","action":"SyncServerConnectionManagerRequest", "result":"SYNC_SERVER_OK", "context":{"environment":"Prod_southindia_prod-s01-004-apac-southindia", "migrationStage":"NotStarted", "server":"akswtt01400001y"}}
{"logTime": "0628/111634", "correlationVector":"y+EZ4cJ1FdEYYN9TmjNK4j.2","action":"Commit Response", "result":"Success", "context":Result: Success. cV=y+EZ4cJ1FdEYYN9TmjNK4j.0;server=akswtt01400001y;cloudType=Consumer;environment=Prod_southindia_prod-s01-004-apac-southindia;migrationStage=NotStarted}
{"logTime": "0628/111634", "correlationVector":"NcxJK3x4KqyhmbxZumxpwM","action":"Commit Request", "result":"", "context":Item count: 40
Contributing types: Passwords}
{"logTime": "0628/111636", "correlationVector":"NcxJK3x4KqyhmbxZumxpwM.1","action":"SyncServerConnectionManagerRequest", "result":"SYNC_SERVER_OK", "context":{"environment":"Prod_southindia_prod-s01-004-apac-southindia", "migrationStage":"NotStarted", "server":"akswtt01400000x"}}
{"logTime": "0628/111636", "correlationVector":"NcxJK3x4KqyhmbxZumxpwM.2","action":"Commit Response", "result":"Success", "context":Result: Success. cV=NcxJK3x4KqyhmbxZumxpwM.0;server=akswtt01400000x;cloudType=Consumer;environment=Prod_southindia_prod-s01-004-apac-southindia;migrationStage=NotStarted}
{"logTime": "0628/111636", "correlationVector":"bRDnek2eXToj8AQ2QghGD4","action":"Commit Request", "result":"", "context":Item count: 40
Contributing types: Passwords}
{"logTime": "0628/111638", "correlationVector":"bRDnek2eXToj8AQ2QghGD4.1","action":"SyncServerConnectionManagerRequest", "result":"SYNC_SERVER_OK", "context":{"environment":"Prod_southindia_prod-s01-004-apac-southindia", "migrationStage":"NotStarted", "server":"akswtt01400001i"}}
{"logTime": "0628/111638", "correlationVector":"bRDnek2eXToj8AQ2QghGD4.2","action":"Commit Response", "result":"Success", "context":Result: Success. cV=bRDnek2eXToj8AQ2QghGD4.0;server=akswtt01400001i;cloudType=Consumer;environment=Prod_southindia_prod-s01-004-apac-southindia;migrationStage=NotStarted}
{"logTime": "0628/111638", "correlationVector":"Coyz/yFPZ93GUzxI9DY4Kn","action":"Commit Request", "result":"", "context":Item count: 40
Contributing types: Passwords}
{"logTime": "0628/111641", "correlationVector":"Coyz/yFPZ93GUzxI9DY4Kn.1","action":"SyncServerConnectionManagerRequest", "result":"SYNC_SERVER_OK", "context":{"environment":"Prod_southindia_prod-s01-004-apac-southindia", "migrationStage":"NotStarted", "server":"akswtt01400000x"}}
{"logTime": "0628/111641", "correlationVector":"Coyz/yFPZ93GUzxI9DY4Kn.2","action":"Commit Response", "result":"Success", "context":Result: Success. cV=Coyz/yFPZ93GUzxI9DY4Kn.0;server=akswtt01400000x;cloudType=Consumer;environment=Prod_southindia_prod-s01-004-apac-southindia;migrationStage=NotStarted}
{"logTime": "0628/111641", "correlationVector":"HPqO/5OCKxx+DcHON8LPag","action":"Commit Request", "result":"", "context":Item count: 25
Contributing types: Passwords, History}
{"logTime": "0628/111643", "correlationVector":"HPqO/5OCKxx+DcHON8LPag.1","action":"SyncServerConnectionManagerRequest", "result":"SYNC_SERVER_OK", "context":{"environment":"Prod_southindia_prod-s01-004-apac-southindia", "migrationStage":"NotStarted", "server":"akswtt01400001h"}}
{"logTime": "0628/111643", "correlationVector":"HPqO/5OCKxx+DcHON8LPag.2","action":"Commit Response", "result":"Success", "context":Result: Success. cV=HPqO/5OCKxx+DcHON8LPag.0;server=akswtt01400001h;cloudType=Consumer;environment=Prod_southindia_prod-s01-004-apac-southindia;migrationStage=NotStarted}
